<?xml version="1.0" encoding="UTF-8"?>
<coverage generated="1686849109832" clover="3.2.0">
  <project timestamp="1686849109832" name="All files">
    <metrics statements="13" coveredstatements="12" conditionals="4" coveredconditionals="3" methods="1" coveredmethods="1" elements="18" coveredelements="16" complexity="0" loc="13" ncloc="13" packages="1" files="1" classes="1"/>
    <file name="auth.middleware.js" path="C:\Users\erik.stor_pragma\Desktop\microservice-messages\middleware\auth.middleware.js">
      <metrics statements="13" coveredstatements="12" conditionals="4" coveredconditionals="3" methods="1" coveredmethods="1"/>
      <line num="1" count="1" type="stmt"/>
      <line num="4" count="1" type="stmt"/>
      <line num="5" count="2" type="stmt"/>
      <line num="6" count="2" type="stmt"/>
      <line num="8" count="2" type="cond" truecount="2" falsecount="0"/>
      <line num="9" count="1" type="stmt"/>
      <line num="12" count="1" type="stmt"/>
      <line num="15" count="1" type="stmt"/>
      <line num="17" count="1" type="stmt"/>
      <line num="19" count="1" type="cond" truecount="1" falsecount="1"/>
      <line num="20" count="0" type="stmt"/>
      <line num="22" count="1" type="stmt"/>
      <line num="26" count="1" type="stmt"/>
    </file>
  </project>
</coverage>
