{"C:\\Users\\erik.stor_pragma\\Desktop\\microservice-messages\\src\\middleware\\auth.middleware.js": {"path":"C:\\Users\\erik.stor_pragma\\Desktop\\microservice-messages\\src\\middleware\\auth.middleware.js","statementMap":{"0":{"start":{"line":1,"column":12},"end":{"line":1,"column":35}},"1":{"start":{"line":4,"column":0},"end":{"line":27,"column":1}},"2":{"start":{"line":5,"column":4},"end":{"line":24,"column":5}},"3":{"start":{"line":6,"column":30},"end":{"line":6,"column":55}},"4":{"start":{"line":8,"column":8},"end":{"line":13,"column":9}},"5":{"start":{"line":9,"column":12},"end":{"line":11,"column":82}},"6":{"start":{"line":12,"column":12},"end":{"line":12,"column":19}},"7":{"start":{"line":15,"column":23},"end":{"line":15,"column":59}},"8":{"start":{"line":17,"column":8},"end":{"line":17,"column":43}},"9":{"start":{"line":19,"column":8},"end":{"line":23,"column":9}},"10":{"start":{"line":20,"column":12},"end":{"line":20,"column":57}},"11":{"start":{"line":22,"column":12},"end":{"line":22,"column":68}},"12":{"start":{"line":26,"column":4},"end":{"line":26,"column":11}}},"fnMap":{"0":{"name":"authMiddleware","decl":{"start":{"line":4,"column":47},"end":{"line":4,"column":61}},"loc":{"start":{"line":4,"column":78},"end":{"line":27,"column":1}},"line":4}},"branchMap":{"0":{"loc":{"start":{"line":8,"column":8},"end":{"line":13,"column":9}},"type":"if","locations":[{"start":{"line":8,"column":8},"end":{"line":13,"column":9}},{"start":{},"end":{}}],"line":8},"1":{"loc":{"start":{"line":19,"column":8},"end":{"line":23,"column":9}},"type":"if","locations":[{"start":{"line":19,"column":8},"end":{"line":23,"column":9}},{"start":{"line":21,"column":15},"end":{"line":23,"column":9}}],"line":19}},"s":{"0":1,"1":1,"2":2,"3":2,"4":2,"5":1,"6":1,"7":1,"8":1,"9":1,"10":0,"11":1,"12":1},"f":{"0":2},"b":{"0":[1,1],"1":[0,1]},"_coverageSchema":"1a1c01bbd47fc00a2c39e90264f33305004495a9","hash":"b327ff91d2ff6dd775721923c4fdbfa36225825d"}
,"C:\\Users\\erik.stor_pragma\\Desktop\\microservice-messages\\src\\services\\send-message.service.js": {"path":"C:\\Users\\erik.stor_pragma\\Desktop\\microservice-messages\\src\\services\\send-message.service.js","statementMap":{"0":{"start":{"line":2,"column":19},"end":{"line":2,"column":42}},"1":{"start":{"line":3,"column":18},"end":{"line":3,"column":40}},"2":{"start":{"line":4,"column":30},"end":{"line":4,"column":66}},"3":{"start":{"line":7,"column":0},"end":{"line":33,"column":2}},"4":{"start":{"line":8,"column":4},"end":{"line":32,"column":5}},"5":{"start":{"line":9,"column":29},"end":{"line":9,"column":37}},"6":{"start":{"line":11,"column":23},"end":{"line":11,"column":63}},"7":{"start":{"line":13,"column":8},"end":{"line":17,"column":11}},"8":{"start":{"line":19,"column":8},"end":{"line":21,"column":11}},"9":{"start":{"line":24,"column":8},"end":{"line":29,"column":9}},"10":{"start":{"line":25,"column":12},"end":{"line":25,"column":86}},"11":{"start":{"line":27,"column":12},"end":{"line":27,"column":20}},"12":{"start":{"line":28,"column":12},"end":{"line":28,"column":19}},"13":{"start":{"line":31,"column":8},"end":{"line":31,"column":16}}},"fnMap":{"0":{"name":"(anonymous_0)","decl":{"start":{"line":7,"column":29},"end":{"line":7,"column":30}},"loc":{"start":{"line":7,"column":55},"end":{"line":33,"column":1}},"line":7}},"branchMap":{"0":{"loc":{"start":{"line":24,"column":8},"end":{"line":29,"column":9}},"type":"if","locations":[{"start":{"line":24,"column":8},"end":{"line":29,"column":9}},{"start":{},"end":{}}],"line":24},"1":{"loc":{"start":{"line":24,"column":12},"end":{"line":24,"column":48}},"type":"binary-expr","locations":[{"start":{"line":24,"column":12},"end":{"line":24,"column":28}},{"start":{"line":24,"column":32},"end":{"line":24,"column":48}}],"line":24}},"s":{"0":1,"1":1,"2":1,"3":1,"4":3,"5":3,"6":3,"7":3,"8":1,"9":2,"10":1,"11":1,"12":1,"13":1},"f":{"0":3},"b":{"0":[1,1],"1":[2,1]},"_coverageSchema":"1a1c01bbd47fc00a2c39e90264f33305004495a9","hash":"878acfd43be7d91b58e7f5c07581dfc2c2816737"}
}
