TN:
SF:src\middleware\auth.middleware.js
FN:4,authMiddleware
FNF:1
FNH:1
FNDA:2,authMiddleware
DA:1,1
DA:4,1
DA:5,2
DA:6,2
DA:8,2
DA:9,1
DA:12,1
DA:15,1
DA:17,1
DA:19,1
DA:20,0
DA:22,1
DA:26,1
LF:13
LH:12
BRDA:8,0,0,1
BRDA:8,0,1,1
BRDA:19,1,0,0
BRDA:19,1,1,1
BRF:4
BRH:3
end_of_record
TN:
SF:src\services\send-message.service.js
FN:7,(anonymous_0)
FNF:1
FNH:1
FNDA:3,(anonymous_0)
DA:2,1
DA:3,1
DA:4,1
DA:7,1
DA:8,3
DA:9,3
DA:11,3
DA:13,3
DA:19,1
DA:24,2
DA:25,1
DA:27,1
DA:28,1
DA:31,1
LF:14
LH:14
BRDA:24,0,0,1
BRDA:24,0,1,1
BRDA:24,1,0,2
BRDA:24,1,1,1
BRF:4
BRH:4
end_of_record
